The Dart VM service is listening on http://127.0.0.1:54411/i-eTwIcIjRk=/
The Dart DevTools debugger and profiler is available at: http://127.0.0.1:54411/i-eTwIcIjRk=/devtools?uri=ws://127.0.0.1:54411/i-eTwIcIjRk=/ws
The Dart VM service is listening on http://127.0.0.1:54863/cb8HYM41K3E=/
The Dart DevTools debugger and profiler is available at: http://127.0.0.1:54863/cb8HYM41K3E=/devtools?uri=ws://127.0.0.1:54863/cb8HYM41K3E=/ws
The Dart VM service is listening on http://127.0.0.1:54968/fBUJR-oOdSA=/
The Dart DevTools debugger and profiler is available at: http://127.0.0.1:54968/fBUJR-oOdSA=/devtools?uri=ws://127.0.0.1:54968/fBUJR-oOdSA=/ws
The Dart VM service is listening on http://127.0.0.1:55544/pwKvGPaitt8=/
The Dart DevTools debugger and profiler is available at: http://127.0.0.1:55544/pwKvGPaitt8=/devtools?uri=ws://127.0.0.1:55544/pwKvGPaitt8=/ws
The Dart VM service is listening on http://127.0.0.1:55685/9SXF2Aifrcg=/
The Dart DevTools debugger and profiler is available at: http://127.0.0.1:55685/9SXF2Aifrcg=/devtools?uri=ws://127.0.0.1:55685/9SXF2Aifrcg=/ws
The Dart VM service is listening on http://127.0.0.1:56701/22qnqQI_FhU=/
The Dart DevTools debugger and profiler is available at: http://127.0.0.1:56701/22qnqQI_FhU=/devtools?uri=ws://127.0.0.1:56701/22qnqQI_FhU=/ws
The Dart VM service is listening on http://127.0.0.1:54543/nBeqKuWNBPc=/
The Dart DevTools debugger and profiler is available at: http://127.0.0.1:54543/nBeqKuWNBPc=/devtools?uri=ws://127.0.0.1:54543/nBeqKuWNBPc=/ws
The Dart VM service is listening on http://127.0.0.1:54693/tM3dkKJJ6Qk=/
The Dart DevTools debugger and profiler is available at: http://127.0.0.1:54693/tM3dkKJJ6Qk=/devtools?uri=ws://127.0.0.1:54693/tM3dkKJJ6Qk=/ws
The Dart VM service is listening on http://127.0.0.1:55382/AdD7Te49kGw=/
The Dart DevTools debugger and profiler is available at: http://127.0.0.1:55382/AdD7Te49kGw=/devtools?uri=ws://127.0.0.1:55382/AdD7Te49kGw=/ws
The Dart VM service is listening on http://127.0.0.1:56734/1S5IKTe7cr0=/
The Dart DevTools debugger and profiler is available at: http://127.0.0.1:56734/1S5IKTe7cr0=/devtools?uri=ws://127.0.0.1:56734/1S5IKTe7cr0=/ws
The Dart VM service is listening on http://127.0.0.1:59779/hPg1U9vWjrk=/
The Dart DevTools debugger and profiler is available at: http://127.0.0.1:59779/hPg1U9vWjrk=/devtools?uri=ws://127.0.0.1:59779/hPg1U9vWjrk=/ws
The Dart VM service is listening on http://127.0.0.1:62183/Qeg6MyALeBo=/
The Dart DevTools debugger and profiler is available at: http://127.0.0.1:62183/Qeg6MyALeBo=/devtools?uri=ws://127.0.0.1:62183/Qeg6MyALeBo=/ws
The Dart VM service is listening on http://127.0.0.1:62319/s1uTgBlhx8E=/
The Dart DevTools debugger and profiler is available at: http://127.0.0.1:62319/s1uTgBlhx8E=/devtools?uri=ws://127.0.0.1:62319/s1uTgBlhx8E=/ws
The Dart VM service is listening on http://127.0.0.1:62502/hRUcN0ek2RQ=/
The Dart DevTools debugger and profiler is available at: http://127.0.0.1:62502/hRUcN0ek2RQ=/devtools?uri=ws://127.0.0.1:62502/hRUcN0ek2RQ=/ws
The Dart VM service is listening on http://127.0.0.1:62735/aDXId8dtz8M=/
The Dart DevTools debugger and profiler is available at: http://127.0.0.1:62735/aDXId8dtz8M=/devtools?uri=ws://127.0.0.1:62735/aDXId8dtz8M=/ws
The Dart VM service is listening on http://127.0.0.1:63003/9Akq7wCCnug=/
The Dart DevTools debugger and profiler is available at: http://127.0.0.1:63003/9Akq7wCCnug=/devtools?uri=ws://127.0.0.1:63003/9Akq7wCCnug=/ws
The Dart VM service is listening on http://127.0.0.1:63289/xysisASHgKs=/
The Dart DevTools debugger and profiler is available at: http://127.0.0.1:63289/xysisASHgKs=/devtools?uri=ws://127.0.0.1:63289/xysisASHgKs=/ws
[WrapWithConsumer] 2024-10-01T20:39:27.261340 Plugin WrapWithConsumer threw while analyzing /Users/yaroslavhalivets/Developer/gym_daily/lib/src/features/splash/splash_screen.dart:
[WrapWithConsumer] 2024-10-01T20:39:27.261340 InconsistentAnalysisException: Requested result might be inconsistent with previously returned results
[WrapWithConsumer] 2024-10-01T20:39:27.261340
[WrapWithConsumer] 2024-10-01T20:39:27.261340 #0      AnalysisSessionImpl._checkConsistency (package:analyzer/src/dart/analysis/session.dart:135:7)
[WrapWithConsumer] 2024-10-01T20:39:27.261340 #1      AnalysisSessionImpl.getResolvedUnit (package:analyzer/src/dart/analysis/session.dart:121:5)
[WrapWithConsumer] 2024-10-01T20:39:27.261340 #2      ChangeBuilderImpl._createDartFileEditBuilder (package:analyzer_plugin/src/utilities/change_builder/change_builder_core.dart:287:33)
[WrapWithConsumer] 2024-10-01T20:39:27.261340 #3      ChangeBuilderImpl.addDartFileEdit (package:analyzer_plugin/src/utilities/change_builder/change_builder_core.dart:136:23)
[WrapWithConsumer] 2024-10-01T20:39:27.261340 #4      _ChangeBuilderImpl.addDartFileEdit (package:custom_lint_core/src/change_reporter.dart:134:33)
[WrapWithConsumer] 2024-10-01T20:39:27.261340 #5      WrapWithConsumer.run.<anonymous closure> (package:riverpod_lint/src/assists/wrap_with_consumer.dart:35:21)
[WrapWithConsumer] 2024-10-01T20:39:27.261340 #6      _rootRunUnary (dart:async/zone.dart:1415:13)
[WrapWithConsumer] 2024-10-01T20:39:27.261340 #7      _CustomZone.runUnary (dart:async/zone.dart:1308:19)
[WrapWithConsumer] 2024-10-01T20:39:27.261340 #8      LinterVisitor._runSubscriptions (package:custom_lint_core/src/node_lint_visitor.g.dart:29:27)
[WrapWithConsumer] 2024-10-01T20:39:27.261340 #9      LinterVisitor.visitInstanceCreationExpression (package:custom_lint_core/src/node_lint_visitor.g.dart:609:5)
[WrapWithConsumer] 2024-10-01T20:39:27.261340 #10     InstanceCreationExpressionImpl.accept (package:analyzer/src/dart/ast/ast.dart:10462:15)
[WrapWithConsumer] 2024-10-01T20:39:27.261340 #11     NamedExpressionImpl.visitChildren (package:analyzer/src/dart/ast/ast.dart:12584:17)
[WrapWithConsumer] 2024-10-01T20:39:27.261340 #12     GeneralizingAstVisitor.visitNode (package:analyzer/dart/ast/visitor.dart:535:10)
[WrapWithConsumer] 2024-10-01T20:39:27.261340 #13     LinterVisitor.visitNode (package:custom_lint_core/src/node_lint_visitor.g.dart:784:11)
[WrapWithConsumer] 2024-10-01T20:39:27.261340 #14     GeneralizingAstVisitor.visitCollectionElement (package:analyzer/dart/ast/visitor.dart:208:56)
[WrapWithConsumer] 2024-10-01T20:39:27.261340 #15     LinterVisitor.visitCollectionElement (package:custom_lint_core/src/node_lint_visitor.g.dart:184:11)
[WrapWithConsumer] 2024-10-01T20:39:27.261340 #16     GeneralizingAstVisitor.visitExpression (package:analyzer/dart/ast/visitor.dart:305:42)
[WrapWithConsumer] 2024-10-01T20:39:27.261340 #17     LinterVisitor.visitExpression (package:custom_lint_core/src/node_lint_visitor.g.dart:370:11)
[WrapWithConsumer] 2024-10-01T20:39:27.261340 #18     GeneralizingAstVisitor.visitNamedExpression (package:analyzer/dart/ast/visitor.dart:519:52)
[WrapWithConsumer] 2024-10-01T20:39:27.261340 #19     LinterVisitor.visitNamedExpression (package:custom_lint_core/src/node_lint_visitor.g.dart:754:11)
[WrapWithConsumer] 2024-10-01T20:39:27.261340 #20     NamedExpressionImpl.accept (package:analyzer/src/dart/ast/ast.dart:12574:50)
[WrapWithConsumer] 2024-10-01T20:39:27.261340 #21     NodeListImpl.accept (package:analyzer/src/dart/ast/ast.dart:12998:20)
[WrapWithConsumer] 2024-10-01T20:39:27.261340 #22     ArgumentListImpl.visitChildren (package:analyzer/src/dart/ast/ast.dart:510:16)
[WrapWithConsumer] 2024-10-01T20:39:27.261340 #23     GeneralizingAstVisitor.visitNode (package:analyzer/dart/ast/visitor.dart:535:10)
[WrapWithConsumer] 2024-10-01T20:39:27.261340 #24     LinterVisitor.visitNode (package:custom_lint_core/src/node_lint_visitor.g.dart:784:11)
[WrapWithConsumer] 2024-10-01T20:39:27.261340 #25     GeneralizingAstVisitor.visitArgumentList (package:analyzer/dart/ast/visitor.dart:143:46)
[WrapWithConsumer] 2024-10-01T20:39:27.261340 #26     LinterVisitor.visitArgumentList (package:custom_lint_core/src/node_lint_visitor.g.dart:58:11)
[WrapWithConsumer] 2024-10-01T20:39:27.261340 #27     ArgumentListImpl.accept (package:analyzer/src/dart/ast/ast.dart:506:50)
[WrapWithConsumer] 2024-10-01T20:39:27.261340 #28     InstanceCreationExpressionImpl.visitChildren (package:analyzer/src/dart/ast/ast.dart:10473:19)
[WrapWithConsumer] 2024-10-01T20:39:27.261340 #29     GeneralizingAstVisitor.visitNode (package:analyzer/dart/ast/visitor.dart:535:10)
[WrapWithConsumer] 2024-10-01T20:39:27.261340 #30     LinterVisitor.visitNode (package:custom_lint_core/src/node_lint_visitor.g.dart:784:11)
[WrapWithConsumer] 2024-10-01T20:39:27.261340 #31     GeneralizingAstVisitor.visitCollectionElement (package:analyzer/dart/ast/visitor.dart:208:56)
[WrapWithConsumer] 2024-10-01T20:39:27.261340 #32     LinterVisitor.visitCollectionElement (package:custom_lint_core/src/node_lint_visitor.g.dart:184:11)
[WrapWithConsumer] 2024-10-01T20:39:27.261340 #33     GeneralizingAstVisitor.visitExpression (package:analyzer/dart/ast/visitor.dart:305:42)
[WrapWithConsumer] 2024-10-01T20:39:27.261340 #34     LinterVisitor.visitExpression (package:custom_lint_core/src/node_lint_visitor.g.dart:370:11)
[WrapWithConsumer] 2024-10-01T20:39:27.261340 #35     GeneralizingAstVisitor.visitInstanceCreationExpression (package:analyzer/dart/ast/visitor.dart:443:7)
[WrapWithConsumer] 2024-10-01T20:39:27.261340 #36     LinterVisitor.visitInstanceCreationExpression (package:custom_lint_core/src/node_lint_visitor.g.dart:610:11)
[WrapWithConsumer] 2024-10-01T20:39:27.261340 #37     InstanceCreationExpressionImpl.accept (package:analyzer/src/dart/ast/ast.dart:10462:15)
[WrapWithConsumer] 2024-10-01T20:39:27.261340 #38     NamedExpressionImpl.visitChildren (package:analyzer/src/dart/ast/ast.dart:12584:17)
[WrapWithConsumer] 2024-10-01T20:39:27.261340 #39     GeneralizingAstVisitor.visitNode (package:analyzer/dart/ast/visitor.dart:535:10)
[WrapWithConsumer] 2024-10-01T20:39:27.261340 #40     LinterVisitor.visitNode (package:custom_lint_core/src/node_lint_visitor.g.dart:784:11)
[WrapWithConsumer] 2024-10-01T20:39:27.261340 #41     GeneralizingAstVisitor.visitCollectionElement (package:analyzer/dart/ast/visitor.dart:208:56)
[WrapWithConsumer] 2024-10-01T20:39:27.261340 #42     LinterVisitor.visitCollectionElement (package:custom_lint_core/src/node_lint_visitor.g.dart:184:11)
[WrapWithConsumer] 2024-10-01T20:39:27.261340 #43     GeneralizingAstVisitor.visitExpression (package:analyzer/dart/ast/visitor.dart:305:42)
[WrapWithConsumer] 2024-10-01T20:39:27.261340 #44     LinterVisitor.visitExpression (package:custom_lint_core/src/node_lint_visitor.g.dart:370:11)
[WrapWithConsumer] 2024-10-01T20:39:27.261340 #45     GeneralizingAstVisitor.visitNamedExpression (package:analyzer/dart/ast/visitor.dart:519:52)
[WrapWithConsumer] 2024-10-01T20:39:27.261340 #46     LinterVisitor.visitNamedExpression (package:custom_lint_core/src/node_lint_visitor.g.dart:754:11)
[WrapWithConsumer] 2024-10-01T20:39:27.261340 #47     NamedExpressionImpl.accept (package:analyzer/src/dart/ast/ast.dart:12574:50)
[WrapWithConsumer] 2024-10-01T20:39:27.261340 #48     NodeListImpl.accept (package:analyzer/src/dart/ast/ast.dart:12998:20)
[WrapWithConsumer] 2024-10-01T20:39:27.261340 #49     ArgumentListImpl.visitChildren (package:analyzer/src/dart/ast/ast.dart:510:16)
[WrapWithConsumer] 2024-10-01T20:39:27.261340 #50     GeneralizingAstVisitor.visitNode (package:analyzer/dart/ast/visitor.dart:535:10)
[WrapWithConsumer] 2024-10-01T20:39:27.261340 #51     LinterVisitor.visitNode (package:custom_lint_core/src/node_lint_visitor.g.dart:784:11)
[WrapWithConsumer] 2024-10-01T20:39:27.261340 #52     GeneralizingAstVisitor.visitArgumentList (package:analyzer/dart/ast/visitor.dart:143:46)
[WrapWithConsumer] 2024-10-01T20:39:27.261340 #53     LinterVisitor.visitArgumentList (package:custom_lint_core/src/node_lint_visitor.g.dart:58:11)
[WrapWithConsumer] 2024-10-01T20:39:27.261340 #54     ArgumentListImpl.accept (package:analyzer/src/dart/ast/ast.dart:506:50)
[WrapWithConsumer] 2024-10-01T20:39:27.261340 #55     InstanceCreationExpressionImpl.visitChildren (package:analyzer/src/dart/ast/ast.dart:10473:19)
[WrapWithConsumer] 2024-10-01T20:39:27.261340 #56     GeneralizingAstVisitor.visitNode (package:analyzer/dart/ast/visitor.dart:535:10)
[WrapWithConsumer] 2024-10-01T20:39:27.261340 #57     LinterVisitor.visitNode (package:custom_lint_core/src/node_lint_visitor.g.dart:784:11)
[WrapWithConsumer] 2024-10-01T20:39:27.261340 #58     GeneralizingAstVisitor.visitCollectionElement (package:analyzer/dart/ast/visitor.dart:208:56)
[WrapWithConsumer] 2024-10-01T20:39:27.261340 #59     LinterVisitor.visitCollectionElement (package:custom_lint_core/src/node_lint_visitor.g.dart:184:11)
[WrapWithConsumer] 2024-10-01T20:39:27.261340 #60     GeneralizingAstVisitor.visitExpression (package:analyzer/dart/ast/visitor.dart:305:42)
[WrapWithConsumer] 2024-10-01T20:39:27.261340 #61     LinterVisitor.visitExpression (package:custom_lint_core/src/node_lint_visitor.g.dart:370:11)
[WrapWithConsumer] 2024-10-01T20:39:27.261340 #62     GeneralizingAstVisitor.visitInstanceCreationExpression (package:analyzer/dart/ast/visitor.dart:443:7)
[WrapWithConsumer] 2024-10-01T20:39:27.261340 #63     LinterVisitor.visitInstanceCreationExpression (package:custom_lint_core/src/node_lint_visitor.g.dart:610:11)
[WrapWithConsumer] 2024-10-01T20:39:27.261340 #64     InstanceCreationExpressionImpl.accept (package:analyzer/src/dart/ast/ast.dart:10462:15)
[WrapWithConsumer] 2024-10-01T20:39:27.261340 #65     ReturnStatementImpl.visitChildren (package:analyzer/src/dart/ast/ast.dart:15652:18)
[WrapWithConsumer] 2024-10-01T20:39:27.261340 #66     GeneralizingAstVisitor.visitNode (package:analyzer/dart/ast/visitor.dart:535:10)
[WrapWithConsumer] 2024-10-01T20:39:27.261340 #67     LinterVisitor.visitNode (package:custom_lint_core/src/node_lint_visitor.g.dart:784:11)
[WrapWithConsumer] 2024-10-01T20:39:27.261340 #68     GeneralizingAstVisitor.visitStatement (package:analyzer/dart/ast/visitor.dart:679:40)
[WrapWithConsumer] 2024-10-01T20:39:27.261340 #69     LinterVisitor.visitStatement (package:custom_lint_core/src/node_lint_visitor.g.dart:1029:11)
[WrapWithConsumer] 2024-10-01T20:39:27.261340 #70     GeneralizingAstVisitor.visitReturnStatement (package:analyzer/dart/ast/visitor.dart:651:52)
[WrapWithConsumer] 2024-10-01T20:39:27.261340 #71     LinterVisitor.visitReturnStatement (package:custom_lint_core/src/node_lint_visitor.g.dart:975:11)
[WrapWithConsumer] 2024-10-01T20:39:27.261340 #72     ReturnStatementImpl.accept (package:analyzer/src/dart/ast/ast.dart:15648:50)
[WrapWithConsumer] 2024-10-01T20:39:27.261340 #73     NodeListImpl.accept (package:analyzer/src/dart/ast/ast.dart:12998:20)
[WrapWithConsumer] 2024-10-01T20:39:27.261340 #74     BlockImpl.visitChildren (package:analyzer/src/dart/ast/ast.dart:1979:17)
[WrapWithConsumer] 2024-10-01T20:39:27.261340 #75     GeneralizingAstVisitor.visitNode (package:analyzer/dart/ast/visitor.dart:535:10)
[WrapWithConsumer] 2024-10-01T20:39:27.261340 #76     LinterVisitor.visitNode (package:custom_lint_core/src/node_lint_visitor.g.dart:784:11)
[WrapWithConsumer] 2024-10-01T20:39:27.261340 #77     GeneralizingAstVisitor.visitStatement (package:analyzer/dart/ast/visitor.dart:679:40)
[WrapWithConsumer] 2024-10-01T20:39:27.261340 #78     LinterVisitor.visitStatement (package:custom_lint_core/src/node_lint_visitor.g.dart:1029:11)
[WrapWithConsumer] 2024-10-01T20:39:27.261340 #79     GeneralizingAstVisitor.visitBlock (package:analyzer/dart/ast/visitor.dart:173:32)
[WrapWithConsumer] 2024-10-01T20:39:27.261340 #80     LinterVisitor.visitBlock (package:custom_lint_core/src/node_lint_visitor.g.dart:112:11)
[WrapWithConsumer] 2024-10-01T20:39:27.261340 #81     BlockImpl.accept (package:analyzer/src/dart/ast/ast.dart:1975:50)
[WrapWithConsumer] 2024-10-01T20:39:27.261340 #82     BlockFunctionBodyImpl.visitChildren (package:analyzer/src/dart/ast/ast.dart:1930:12)
[WrapWithConsumer] 2024-10-01T20:39:27.261340 #83     GeneralizingAstVisitor.visitNode (package:analyzer/dart/ast/visitor.dart:535:10)
[WrapWithConsumer] 2024-10-01T20:39:27.261340 #84     LinterVisitor.visitNode (package:custom_lint_core/src/node_lint_visitor.g.dart:784:11)
[WrapWithConsumer] 2024-10-01T20:39:27.261340 #85     GeneralizingAstVisitor.visitFunctionBody (package:analyzer/dart/ast/visitor.dart:373:46)
[WrapWithConsumer] 2024-10-01T20:39:27.261340 #86     LinterVisitor.visitFunctionBody (package:custom_lint_core/src/node_lint_visitor.g.dart:490:11)
[WrapWithConsumer] 2024-10-01T20:39:27.261340 #87     GeneralizingAstVisitor.visitBlockFunctionBody (package:analyzer/dart/ast/visitor.dart:176:56)
[WrapWithConsumer] 2024-10-01T20:39:27.261340 #88     LinterVisitor.visitBlockFunctionBody (package:custom_lint_core/src/node_lint_visitor.g.dart:118:11)
[WrapWithConsumer] 2024-10-01T20:39:27.261340 #89     BlockFunctionBodyImpl.accept (package:analyzer/src/dart/ast/ast.dart:1922:50)
[WrapWithConsumer] 2024-10-01T20:39:27.261340 #90     MethodDeclarationImpl.visitChildren (package:analyzer/src/dart/ast/ast.dart:12125:10)
[WrapWithConsumer] 2024-10-01T20:39:27.261340 #91     GeneralizingAstVisitor.visitNode (package:analyzer/dart/ast/visitor.dart:535:10)
[WrapWithConsumer] 2024-10-01T20:39:27.261340 #92     LinterVisitor.visitNode (package:custom_lint_core/src/node_lint_visitor.g.dart:784:11)
[WrapWithConsumer] 2024-10-01T20:39:27.261340 #93     GeneralizingAstVisitor.visitAnnotatedNode (package:analyzer/dart/ast/visitor.dart:137:48)
[WrapWithConsumer] 2024-10-01T20:39:27.261340 #94     LinterVisitor.visitAnnotatedNode (package:custom_lint_core/src/node_lint_visitor.g.dart:46:11)
[WrapWithConsumer] 2024-10-01T20:39:27.261340 #95     GeneralizingAstVisitor.visitDeclaration (package:analyzer/dart/ast/visitor.dart:260:44)
[WrapWithConsumer] 2024-10-01T20:39:27.261340 #96     LinterVisitor.visitDeclaration (package:custom_lint_core/src/node_lint_visitor.g.dart:286:11)
[WrapWithConsumer] 2024-10-01T20:39:27.261340 #97     GeneralizingAstVisitor.visitClassMember (package:analyzer/dart/ast/visitor.dart:203:44)
[WrapWithConsumer] 2024-10-01T20:39:27.261340 #98     LinterVisitor.visitClassMember (package:custom_lint_core/src/node_lint_visitor.g.dart:172:11)
[WrapWithConsumer] 2024-10-01T20:39:27.261340 #99     GeneralizingAstVisitor.visitMethodDeclaration (package:analyzer/dart/ast/visitor.dart:505:56)
[WrapWithConsumer] 2024-10-01T20:39:27.261340 #100    LinterVisitor.visitMethodDeclaration (package:custom_lint_core/src/node_lint_visitor.g.dart:730:11)
[WrapWithConsumer] 2024-10-01T20:39:27.261340 #101    MethodDeclarationImpl.accept (package:analyzer/src/dart/ast/ast.dart:12117:50)
[WrapWithConsumer] 2024-10-01T20:39:27.261340 #102    NodeListImpl.accept (package:analyzer/src/dart/ast/ast.dart:12998:20)
[WrapWithConsumer] 2024-10-01T20:39:27.261340 #103    ClassDeclarationImpl.visitChildren (package:analyzer/src/dart/ast/ast.dart:2903:13)
[WrapWithConsumer] 2024-10-01T20:39:27.261340 #104    GeneralizingAstVisitor.visitNode (package:analyzer/dart/ast/visitor.dart:535:10)
[WrapWithConsumer] 2024-10-01T20:39:27.261340 #105    LinterVisitor.visitNode (package:custom_lint_core/src/node_lint_visitor.g.dart:784:11)
[WrapWithConsumer] 2024-10-01T20:39:27.261340 #106    GeneralizingAstVisitor.visitAnnotatedNode (package:analyzer/dart/ast/visitor.dart:137:48)
[WrapWithConsumer] 2024-10-01T20:39:27.261340 #107    LinterVisitor.visitAnnotatedNode (package:custom_lint_core/src/node_lint_visitor.g.dart:46:11)
[WrapWithConsumer] 2024-10-01T20:39:27.261340 #108    GeneralizingAstVisitor.visitDeclaration (package:analyzer/dart/ast/visitor.dart:260:44)
[WrapWithConsumer] 2024-10-01T20:39:27.261340 #109    LinterVisitor.visitDeclaration (package:custom_lint_core/src/node_lint_visitor.g.dart:286:11)
[WrapWithConsumer] 2024-10-01T20:39:27.261340 #110    GeneralizingAstVisitor.visitCompilationUnitMember (package:analyzer/dart/ast/visitor.dart:222:7)
[WrapWithConsumer] 2024-10-01T20:39:27.261340 #111    LinterVisitor.visitCompilationUnitMember (package:custom_lint_core/src/node_lint_visitor.g.dart:214:11)
[WrapWithConsumer] 2024-10-01T20:39:27.261340 #112    GeneralizingAstVisitor.visitNamedCompilationUnitMember (package:analyzer/dart/ast/visitor.dart:516:7)
[WrapWithConsumer] 2024-10-01T20:39:27.261340 #113    LinterVisitor.visitNamedCompilationUnitMember (package:custom_lint_core/src/node_lint_visitor.g.dart:748:11)
[WrapWithConsumer] 2024-10-01T20:39:27.261340 #114    GeneralizingAstVisitor.visitClassDeclaration (package:analyzer/dart/ast/visitor.dart:201:7)
[WrapWithConsumer] 2024-10-01T20:39:27.261340 #115    LinterVisitor.visitClassDeclaration (package:custom_lint_core/src/node_lint_visitor.g.dart:166:11)
[WrapWithConsumer] 2024-10-01T20:39:27.261340 #116    ClassDeclarationImpl.accept (package:analyzer/src/dart/ast/ast.dart:2893:50)
[WrapWithConsumer] 2024-10-01T20:39:27.261340 #117    NodeListImpl.accept (package:analyzer/src/dart/ast/ast.dart:12998:20)
[WrapWithConsumer] 2024-10-01T20:39:27.261340 #118    CompilationUnitImpl.visitChildren (package:analyzer/src/dart/ast/ast.dart:3631:21)
[WrapWithConsumer] 2024-10-01T20:39:27.261340 #119    GeneralizingAstVisitor.visitNode (package:analyzer/dart/ast/visitor.dart:535:10)
[WrapWithConsumer] 2024-10-01T20:39:27.261340 #120    LinterVisitor.visitNode (package:custom_lint_core/src/node_lint_visitor.g.dart:784:11)
[WrapWithConsumer] 2024-10-01T20:39:27.261340 #121    GeneralizingAstVisitor.visitCompilationUnit (package:analyzer/dart/ast/visitor.dart:219:52)
[WrapWithConsumer] 2024-10-01T20:39:27.261340 #122    LinterVisitor.visitCompilationUnit (package:custom_lint_core/src/node_lint_visitor.g.dart:208:11)
[WrapWithConsumer] 2024-10-01T20:39:27.261340 #123    CompilationUnitImpl.accept (package:analyzer/src/dart/ast/ast.dart:3624:50)
[WrapWithConsumer] 2024-10-01T20:39:27.261340 #124    DartAssist.startUp.<anonymous closure> (package:custom_lint_core/src/assist.dart:81:17)
[WrapWithConsumer] 2024-10-01T20:39:27.261340 #125    _rootRun (dart:async/zone.dart:1399:13)
[WrapWithConsumer] 2024-10-01T20:39:27.261340 #126    _CustomZone.run (dart:async/zone.dart:1301:19)
[WrapWithConsumer] 2024-10-01T20:39:27.261340 #127    _CustomZone.bindCallback.<anonymous closure> (dart:async/zone.dart:1233:23)
[WrapWithConsumer] 2024-10-01T20:39:27.261340 #128    runPostRunCallbacks (package:custom_lint_core/src/plugin_base.dart:16:19)
[WrapWithConsumer] 2024-10-01T20:39:27.261340 #129    _ClientAnalyzerPlugin.handleEditGetAssists (package:custom_lint_builder/src/client.dart:512:5)
[WrapWithConsumer] 2024-10-01T20:39:27.261340 <asynchronous suspension>
[WrapWithConsumer] 2024-10-01T20:39:27.261340 #130    ServerPlugin._getResponse (package:analyzer_plugin/plugin/plugin.dart:556:18)
[WrapWithConsumer] 2024-10-01T20:39:27.261340 <asynchronous suspension>
[WrapWithConsumer] 2024-10-01T20:39:27.261340 #131    ServerPlugin._onRequest (package:analyzer_plugin/plugin/plugin.dart:599:18)
[WrapWithConsumer] 2024-10-01T20:39:27.261340 <asynchronous suspension>
[WrapWithConsumer] 2024-10-01T20:39:27.261340
[WrapWithProviderScope] 2024-10-01T20:39:27.263996 Plugin WrapWithProviderScope threw while analyzing /Users/yaroslavhalivets/Developer/gym_daily/lib/src/features/splash/splash_screen.dart:
[WrapWithProviderScope] 2024-10-01T20:39:27.263996 InconsistentAnalysisException: Requested result might be inconsistent with previously returned results
[WrapWithProviderScope] 2024-10-01T20:39:27.263996
[WrapWithProviderScope] 2024-10-01T20:39:27.263996 #0      AnalysisSessionImpl._checkConsistency (package:analyzer/src/dart/analysis/session.dart:135:7)
[WrapWithProviderScope] 2024-10-01T20:39:27.263996 #1      AnalysisSessionImpl.getResolvedUnit (package:analyzer/src/dart/analysis/session.dart:121:5)
[WrapWithProviderScope] 2024-10-01T20:39:27.263996 #2      ChangeBuilderImpl._createDartFileEditBuilder (package:analyzer_plugin/src/utilities/change_builder/change_builder_core.dart:287:33)
[WrapWithProviderScope] 2024-10-01T20:39:27.263996 #3      ChangeBuilderImpl.addDartFileEdit (package:analyzer_plugin/src/utilities/change_builder/change_builder_core.dart:136:23)
[WrapWithProviderScope] 2024-10-01T20:39:27.263996 #4      _ChangeBuilderImpl.addDartFileEdit (package:custom_lint_core/src/change_reporter.dart:134:33)
[WrapWithProviderScope] 2024-10-01T20:39:27.263996 #5      WrapWithProviderScope.run.<anonymous closure> (package:riverpod_lint/src/assists/wrap_with_provider_scope.dart:33:21)
[WrapWithProviderScope] 2024-10-01T20:39:27.263996 #6      _rootRunUnary (dart:async/zone.dart:1415:13)
[WrapWithProviderScope] 2024-10-01T20:39:27.263996 #7      _CustomZone.runUnary (dart:async/zone.dart:1308:19)
[WrapWithProviderScope] 2024-10-01T20:39:27.263996 #8      LinterVisitor._runSubscriptions (package:custom_lint_core/src/node_lint_visitor.g.dart:29:27)
[WrapWithProviderScope] 2024-10-01T20:39:27.263996 #9      LinterVisitor.visitInstanceCreationExpression (package:custom_lint_core/src/node_lint_visitor.g.dart:609:5)
[WrapWithProviderScope] 2024-10-01T20:39:27.263996 #10     InstanceCreationExpressionImpl.accept (package:analyzer/src/dart/ast/ast.dart:10462:15)
[WrapWithProviderScope] 2024-10-01T20:39:27.263996 #11     NamedExpressionImpl.visitChildren (package:analyzer/src/dart/ast/ast.dart:12584:17)
[WrapWithProviderScope] 2024-10-01T20:39:27.263996 #12     GeneralizingAstVisitor.visitNode (package:analyzer/dart/ast/visitor.dart:535:10)
[WrapWithProviderScope] 2024-10-01T20:39:27.263996 #13     LinterVisitor.visitNode (package:custom_lint_core/src/node_lint_visitor.g.dart:784:11)
[WrapWithProviderScope] 2024-10-01T20:39:27.263996 #14     GeneralizingAstVisitor.visitCollectionElement (package:analyzer/dart/ast/visitor.dart:208:56)
[WrapWithProviderScope] 2024-10-01T20:39:27.263996 #15     LinterVisitor.visitCollectionElement (package:custom_lint_core/src/node_lint_visitor.g.dart:184:11)
[WrapWithProviderScope] 2024-10-01T20:39:27.263996 #16     GeneralizingAstVisitor.visitExpression (package:analyzer/dart/ast/visitor.dart:305:42)
[WrapWithProviderScope] 2024-10-01T20:39:27.263996 #17     LinterVisitor.visitExpression (package:custom_lint_core/src/node_lint_visitor.g.dart:370:11)
[WrapWithProviderScope] 2024-10-01T20:39:27.263996 #18     GeneralizingAstVisitor.visitNamedExpression (package:analyzer/dart/ast/visitor.dart:519:52)
[WrapWithProviderScope] 2024-10-01T20:39:27.263996 #19     LinterVisitor.visitNamedExpression (package:custom_lint_core/src/node_lint_visitor.g.dart:754:11)
[WrapWithProviderScope] 2024-10-01T20:39:27.263996 #20     NamedExpressionImpl.accept (package:analyzer/src/dart/ast/ast.dart:12574:50)
[WrapWithProviderScope] 2024-10-01T20:39:27.263996 #21     NodeListImpl.accept (package:analyzer/src/dart/ast/ast.dart:12998:20)
[WrapWithProviderScope] 2024-10-01T20:39:27.263996 #22     ArgumentListImpl.visitChildren (package:analyzer/src/dart/ast/ast.dart:510:16)
[WrapWithProviderScope] 2024-10-01T20:39:27.263996 #23     GeneralizingAstVisitor.visitNode (package:analyzer/dart/ast/visitor.dart:535:10)
[WrapWithProviderScope] 2024-10-01T20:39:27.263996 #24     LinterVisitor.visitNode (package:custom_lint_core/src/node_lint_visitor.g.dart:784:11)
[WrapWithProviderScope] 2024-10-01T20:39:27.263996 #25     GeneralizingAstVisitor.visitArgumentList (package:analyzer/dart/ast/visitor.dart:143:46)
[WrapWithProviderScope] 2024-10-01T20:39:27.263996 #26     LinterVisitor.visitArgumentList (package:custom_lint_core/src/node_lint_visitor.g.dart:58:11)
[WrapWithProviderScope] 2024-10-01T20:39:27.263996 #27     ArgumentListImpl.accept (package:analyzer/src/dart/ast/ast.dart:506:50)
[WrapWithProviderScope] 2024-10-01T20:39:27.263996 #28     InstanceCreationExpressionImpl.visitChildren (package:analyzer/src/dart/ast/ast.dart:10473:19)
[WrapWithProviderScope] 2024-10-01T20:39:27.263996 #29     GeneralizingAstVisitor.visitNode (package:analyzer/dart/ast/visitor.dart:535:10)
[WrapWithProviderScope] 2024-10-01T20:39:27.263996 #30     LinterVisitor.visitNode (package:custom_lint_core/src/node_lint_visitor.g.dart:784:11)
[WrapWithProviderScope] 2024-10-01T20:39:27.263996 #31     GeneralizingAstVisitor.visitCollectionElement (package:analyzer/dart/ast/visitor.dart:208:56)
[WrapWithProviderScope] 2024-10-01T20:39:27.263996 #32     LinterVisitor.visitCollectionElement (package:custom_lint_core/src/node_lint_visitor.g.dart:184:11)
[WrapWithProviderScope] 2024-10-01T20:39:27.263996 #33     GeneralizingAstVisitor.visitExpression (package:analyzer/dart/ast/visitor.dart:305:42)
[WrapWithProviderScope] 2024-10-01T20:39:27.263996 #34     LinterVisitor.visitExpression (package:custom_lint_core/src/node_lint_visitor.g.dart:370:11)
[WrapWithProviderScope] 2024-10-01T20:39:27.263996 #35     GeneralizingAstVisitor.visitInstanceCreationExpression (package:analyzer/dart/ast/visitor.dart:443:7)
[WrapWithProviderScope] 2024-10-01T20:39:27.263996 #36     LinterVisitor.visitInstanceCreationExpression (package:custom_lint_core/src/node_lint_visitor.g.dart:610:11)
[WrapWithProviderScope] 2024-10-01T20:39:27.263996 #37     InstanceCreationExpressionImpl.accept (package:analyzer/src/dart/ast/ast.dart:10462:15)
[WrapWithProviderScope] 2024-10-01T20:39:27.263996 #38     NamedExpressionImpl.visitChildren (package:analyzer/src/dart/ast/ast.dart:12584:17)
[WrapWithProviderScope] 2024-10-01T20:39:27.263996 #39     GeneralizingAstVisitor.visitNode (package:analyzer/dart/ast/visitor.dart:535:10)
[WrapWithProviderScope] 2024-10-01T20:39:27.263996 #40     LinterVisitor.visitNode (package:custom_lint_core/src/node_lint_visitor.g.dart:784:11)
[WrapWithProviderScope] 2024-10-01T20:39:27.263996 #41     GeneralizingAstVisitor.visitCollectionElement (package:analyzer/dart/ast/visitor.dart:208:56)
[WrapWithProviderScope] 2024-10-01T20:39:27.263996 #42     LinterVisitor.visitCollectionElement (package:custom_lint_core/src/node_lint_visitor.g.dart:184:11)
[WrapWithProviderScope] 2024-10-01T20:39:27.263996 #43     GeneralizingAstVisitor.visitExpression (package:analyzer/dart/ast/visitor.dart:305:42)
[WrapWithProviderScope] 2024-10-01T20:39:27.263996 #44     LinterVisitor.visitExpression (package:custom_lint_core/src/node_lint_visitor.g.dart:370:11)
[WrapWithProviderScope] 2024-10-01T20:39:27.263996 #45     GeneralizingAstVisitor.visitNamedExpression (package:analyzer/dart/ast/visitor.dart:519:52)
[WrapWithProviderScope] 2024-10-01T20:39:27.263996 #46     LinterVisitor.visitNamedExpression (package:custom_lint_core/src/node_lint_visitor.g.dart:754:11)
[WrapWithProviderScope] 2024-10-01T20:39:27.263996 #47     NamedExpressionImpl.accept (package:analyzer/src/dart/ast/ast.dart:12574:50)
[WrapWithProviderScope] 2024-10-01T20:39:27.263996 #48     NodeListImpl.accept (package:analyzer/src/dart/ast/ast.dart:12998:20)
[WrapWithProviderScope] 2024-10-01T20:39:27.263996 #49     ArgumentListImpl.visitChildren (package:analyzer/src/dart/ast/ast.dart:510:16)
[WrapWithProviderScope] 2024-10-01T20:39:27.263996 #50     GeneralizingAstVisitor.visitNode (package:analyzer/dart/ast/visitor.dart:535:10)
[WrapWithProviderScope] 2024-10-01T20:39:27.263996 #51     LinterVisitor.visitNode (package:custom_lint_core/src/node_lint_visitor.g.dart:784:11)
[WrapWithProviderScope] 2024-10-01T20:39:27.263996 #52     GeneralizingAstVisitor.visitArgumentList (package:analyzer/dart/ast/visitor.dart:143:46)
[WrapWithProviderScope] 2024-10-01T20:39:27.263996 #53     LinterVisitor.visitArgumentList (package:custom_lint_core/src/node_lint_visitor.g.dart:58:11)
[WrapWithProviderScope] 2024-10-01T20:39:27.263996 #54     ArgumentListImpl.accept (package:analyzer/src/dart/ast/ast.dart:506:50)
[WrapWithProviderScope] 2024-10-01T20:39:27.263996 #55     InstanceCreationExpressionImpl.visitChildren (package:analyzer/src/dart/ast/ast.dart:10473:19)
[WrapWithProviderScope] 2024-10-01T20:39:27.263996 #56     GeneralizingAstVisitor.visitNode (package:analyzer/dart/ast/visitor.dart:535:10)
[WrapWithProviderScope] 2024-10-01T20:39:27.263996 #57     LinterVisitor.visitNode (package:custom_lint_core/src/node_lint_visitor.g.dart:784:11)
[WrapWithProviderScope] 2024-10-01T20:39:27.263996 #58     GeneralizingAstVisitor.visitCollectionElement (package:analyzer/dart/ast/visitor.dart:208:56)
[WrapWithProviderScope] 2024-10-01T20:39:27.263996 #59     LinterVisitor.visitCollectionElement (package:custom_lint_core/src/node_lint_visitor.g.dart:184:11)
[WrapWithProviderScope] 2024-10-01T20:39:27.263996 #60     GeneralizingAstVisitor.visitExpression (package:analyzer/dart/ast/visitor.dart:305:42)
[WrapWithProviderScope] 2024-10-01T20:39:27.263996 #61     LinterVisitor.visitExpression (package:custom_lint_core/src/node_lint_visitor.g.dart:370:11)
[WrapWithProviderScope] 2024-10-01T20:39:27.263996 #62     GeneralizingAstVisitor.visitInstanceCreationExpression (package:analyzer/dart/ast/visitor.dart:443:7)
[WrapWithProviderScope] 2024-10-01T20:39:27.263996 #63     LinterVisitor.visitInstanceCreationExpression (package:custom_lint_core/src/node_lint_visitor.g.dart:610:11)
[WrapWithProviderScope] 2024-10-01T20:39:27.263996 #64     InstanceCreationExpressionImpl.accept (package:analyzer/src/dart/ast/ast.dart:10462:15)
[WrapWithProviderScope] 2024-10-01T20:39:27.263996 #65     ReturnStatementImpl.visitChildren (package:analyzer/src/dart/ast/ast.dart:15652:18)
[WrapWithProviderScope] 2024-10-01T20:39:27.263996 #66     GeneralizingAstVisitor.visitNode (package:analyzer/dart/ast/visitor.dart:535:10)
[WrapWithProviderScope] 2024-10-01T20:39:27.263996 #67     LinterVisitor.visitNode (package:custom_lint_core/src/node_lint_visitor.g.dart:784:11)
[WrapWithProviderScope] 2024-10-01T20:39:27.263996 #68     GeneralizingAstVisitor.visitStatement (package:analyzer/dart/ast/visitor.dart:679:40)
[WrapWithProviderScope] 2024-10-01T20:39:27.263996 #69     LinterVisitor.visitStatement (package:custom_lint_core/src/node_lint_visitor.g.dart:1029:11)
[WrapWithProviderScope] 2024-10-01T20:39:27.263996 #70     GeneralizingAstVisitor.visitReturnStatement (package:analyzer/dart/ast/visitor.dart:651:52)
[WrapWithProviderScope] 2024-10-01T20:39:27.263996 #71     LinterVisitor.visitReturnStatement (package:custom_lint_core/src/node_lint_visitor.g.dart:975:11)
[WrapWithProviderScope] 2024-10-01T20:39:27.263996 #72     ReturnStatementImpl.accept (package:analyzer/src/dart/ast/ast.dart:15648:50)
[WrapWithProviderScope] 2024-10-01T20:39:27.263996 #73     NodeListImpl.accept (package:analyzer/src/dart/ast/ast.dart:12998:20)
[WrapWithProviderScope] 2024-10-01T20:39:27.263996 #74     BlockImpl.visitChildren (package:analyzer/src/dart/ast/ast.dart:1979:17)
[WrapWithProviderScope] 2024-10-01T20:39:27.263996 #75     GeneralizingAstVisitor.visitNode (package:analyzer/dart/ast/visitor.dart:535:10)
[WrapWithProviderScope] 2024-10-01T20:39:27.263996 #76     LinterVisitor.visitNode (package:custom_lint_core/src/node_lint_visitor.g.dart:784:11)
[WrapWithProviderScope] 2024-10-01T20:39:27.263996 #77     GeneralizingAstVisitor.visitStatement (package:analyzer/dart/ast/visitor.dart:679:40)
[WrapWithProviderScope] 2024-10-01T20:39:27.263996 #78     LinterVisitor.visitStatement (package:custom_lint_core/src/node_lint_visitor.g.dart:1029:11)
[WrapWithProviderScope] 2024-10-01T20:39:27.263996 #79     GeneralizingAstVisitor.visitBlock (package:analyzer/dart/ast/visitor.dart:173:32)
[WrapWithProviderScope] 2024-10-01T20:39:27.263996 #80     LinterVisitor.visitBlock (package:custom_lint_core/src/node_lint_visitor.g.dart:112:11)
[WrapWithProviderScope] 2024-10-01T20:39:27.263996 #81     BlockImpl.accept (package:analyzer/src/dart/ast/ast.dart:1975:50)
[WrapWithProviderScope] 2024-10-01T20:39:27.263996 #82     BlockFunctionBodyImpl.visitChildren (package:analyzer/src/dart/ast/ast.dart:1930:12)
[WrapWithProviderScope] 2024-10-01T20:39:27.263996 #83     GeneralizingAstVisitor.visitNode (package:analyzer/dart/ast/visitor.dart:535:10)
[WrapWithProviderScope] 2024-10-01T20:39:27.263996 #84     LinterVisitor.visitNode (package:custom_lint_core/src/node_lint_visitor.g.dart:784:11)
[WrapWithProviderScope] 2024-10-01T20:39:27.263996 #85     GeneralizingAstVisitor.visitFunctionBody (package:analyzer/dart/ast/visitor.dart:373:46)
[WrapWithProviderScope] 2024-10-01T20:39:27.263996 #86     LinterVisitor.visitFunctionBody (package:custom_lint_core/src/node_lint_visitor.g.dart:490:11)
[WrapWithProviderScope] 2024-10-01T20:39:27.263996 #87     GeneralizingAstVisitor.visitBlockFunctionBody (package:analyzer/dart/ast/visitor.dart:176:56)
[WrapWithProviderScope] 2024-10-01T20:39:27.263996 #88     LinterVisitor.visitBlockFunctionBody (package:custom_lint_core/src/node_lint_visitor.g.dart:118:11)
[WrapWithProviderScope] 2024-10-01T20:39:27.263996 #89     BlockFunctionBodyImpl.accept (package:analyzer/src/dart/ast/ast.dart:1922:50)
[WrapWithProviderScope] 2024-10-01T20:39:27.263996 #90     MethodDeclarationImpl.visitChildren (package:analyzer/src/dart/ast/ast.dart:12125:10)
[WrapWithProviderScope] 2024-10-01T20:39:27.263996 #91     GeneralizingAstVisitor.visitNode (package:analyzer/dart/ast/visitor.dart:535:10)
[WrapWithProviderScope] 2024-10-01T20:39:27.263996 #92     LinterVisitor.visitNode (package:custom_lint_core/src/node_lint_visitor.g.dart:784:11)
[WrapWithProviderScope] 2024-10-01T20:39:27.263996 #93     GeneralizingAstVisitor.visitAnnotatedNode (package:analyzer/dart/ast/visitor.dart:137:48)
[WrapWithProviderScope] 2024-10-01T20:39:27.263996 #94     LinterVisitor.visitAnnotatedNode (package:custom_lint_core/src/node_lint_visitor.g.dart:46:11)
[WrapWithProviderScope] 2024-10-01T20:39:27.263996 #95     GeneralizingAstVisitor.visitDeclaration (package:analyzer/dart/ast/visitor.dart:260:44)
[WrapWithProviderScope] 2024-10-01T20:39:27.263996 #96     LinterVisitor.visitDeclaration (package:custom_lint_core/src/node_lint_visitor.g.dart:286:11)
[WrapWithProviderScope] 2024-10-01T20:39:27.263996 #97     GeneralizingAstVisitor.visitClassMember (package:analyzer/dart/ast/visitor.dart:203:44)
[WrapWithProviderScope] 2024-10-01T20:39:27.263996 #98     LinterVisitor.visitClassMember (package:custom_lint_core/src/node_lint_visitor.g.dart:172:11)
[WrapWithProviderScope] 2024-10-01T20:39:27.263996 #99     GeneralizingAstVisitor.visitMethodDeclaration (package:analyzer/dart/ast/visitor.dart:505:56)
[WrapWithProviderScope] 2024-10-01T20:39:27.263996 #100    LinterVisitor.visitMethodDeclaration (package:custom_lint_core/src/node_lint_visitor.g.dart:730:11)
[WrapWithProviderScope] 2024-10-01T20:39:27.263996 #101    MethodDeclarationImpl.accept (package:analyzer/src/dart/ast/ast.dart:12117:50)
[WrapWithProviderScope] 2024-10-01T20:39:27.263996 #102    NodeListImpl.accept (package:analyzer/src/dart/ast/ast.dart:12998:20)
[WrapWithProviderScope] 2024-10-01T20:39:27.263996 #103    ClassDeclarationImpl.visitChildren (package:analyzer/src/dart/ast/ast.dart:2903:13)
[WrapWithProviderScope] 2024-10-01T20:39:27.263996 #104    GeneralizingAstVisitor.visitNode (package:analyzer/dart/ast/visitor.dart:535:10)
[WrapWithProviderScope] 2024-10-01T20:39:27.263996 #105    LinterVisitor.visitNode (package:custom_lint_core/src/node_lint_visitor.g.dart:784:11)
[WrapWithProviderScope] 2024-10-01T20:39:27.263996 #106    GeneralizingAstVisitor.visitAnnotatedNode (package:analyzer/dart/ast/visitor.dart:137:48)
[WrapWithProviderScope] 2024-10-01T20:39:27.263996 #107    LinterVisitor.visitAnnotatedNode (package:custom_lint_core/src/node_lint_visitor.g.dart:46:11)
[WrapWithProviderScope] 2024-10-01T20:39:27.263996 #108    GeneralizingAstVisitor.visitDeclaration (package:analyzer/dart/ast/visitor.dart:260:44)
[WrapWithProviderScope] 2024-10-01T20:39:27.263996 #109    LinterVisitor.visitDeclaration (package:custom_lint_core/src/node_lint_visitor.g.dart:286:11)
[WrapWithProviderScope] 2024-10-01T20:39:27.263996 #110    GeneralizingAstVisitor.visitCompilationUnitMember (package:analyzer/dart/ast/visitor.dart:222:7)
[WrapWithProviderScope] 2024-10-01T20:39:27.263996 #111    LinterVisitor.visitCompilationUnitMember (package:custom_lint_core/src/node_lint_visitor.g.dart:214:11)
[WrapWithProviderScope] 2024-10-01T20:39:27.263996 #112    GeneralizingAstVisitor.visitNamedCompilationUnitMember (package:analyzer/dart/ast/visitor.dart:516:7)
[WrapWithProviderScope] 2024-10-01T20:39:27.263996 #113    LinterVisitor.visitNamedCompilationUnitMember (package:custom_lint_core/src/node_lint_visitor.g.dart:748:11)
[WrapWithProviderScope] 2024-10-01T20:39:27.263996 #114    GeneralizingAstVisitor.visitClassDeclaration (package:analyzer/dart/ast/visitor.dart:201:7)
[WrapWithProviderScope] 2024-10-01T20:39:27.263996 #115    LinterVisitor.visitClassDeclaration (package:custom_lint_core/src/node_lint_visitor.g.dart:166:11)
[WrapWithProviderScope] 2024-10-01T20:39:27.263996 #116    ClassDeclarationImpl.accept (package:analyzer/src/dart/ast/ast.dart:2893:50)
[WrapWithProviderScope] 2024-10-01T20:39:27.263996 #117    NodeListImpl.accept (package:analyzer/src/dart/ast/ast.dart:12998:20)
[WrapWithProviderScope] 2024-10-01T20:39:27.263996 #118    CompilationUnitImpl.visitChildren (package:analyzer/src/dart/ast/ast.dart:3631:21)
[WrapWithProviderScope] 2024-10-01T20:39:27.263996 #119    GeneralizingAstVisitor.visitNode (package:analyzer/dart/ast/visitor.dart:535:10)
[WrapWithProviderScope] 2024-10-01T20:39:27.263996 #120    LinterVisitor.visitNode (package:custom_lint_core/src/node_lint_visitor.g.dart:784:11)
[WrapWithProviderScope] 2024-10-01T20:39:27.263996 #121    GeneralizingAstVisitor.visitCompilationUnit (package:analyzer/dart/ast/visitor.dart:219:52)
[WrapWithProviderScope] 2024-10-01T20:39:27.263996 #122    LinterVisitor.visitCompilationUnit (package:custom_lint_core/src/node_lint_visitor.g.dart:208:11)
[WrapWithProviderScope] 2024-10-01T20:39:27.263996 #123    CompilationUnitImpl.accept (package:analyzer/src/dart/ast/ast.dart:3624:50)
[WrapWithProviderScope] 2024-10-01T20:39:27.263996 #124    DartAssist.startUp.<anonymous closure> (package:custom_lint_core/src/assist.dart:81:17)
[WrapWithProviderScope] 2024-10-01T20:39:27.263996 #125    _rootRun (dart:async/zone.dart:1399:13)
[WrapWithProviderScope] 2024-10-01T20:39:27.263996 #126    _CustomZone.run (dart:async/zone.dart:1301:19)
[WrapWithProviderScope] 2024-10-01T20:39:27.263996 #127    _CustomZone.bindCallback.<anonymous closure> (dart:async/zone.dart:1233:23)
[WrapWithProviderScope] 2024-10-01T20:39:27.263996 #128    runPostRunCallbacks (package:custom_lint_core/src/plugin_base.dart:16:19)
[WrapWithProviderScope] 2024-10-01T20:39:27.263996 #129    _ClientAnalyzerPlugin.handleEditGetAssists (package:custom_lint_builder/src/client.dart:512:5)
[WrapWithProviderScope] 2024-10-01T20:39:27.263996 <asynchronous suspension>
[WrapWithProviderScope] 2024-10-01T20:39:27.263996 #130    ServerPlugin._getResponse (package:analyzer_plugin/plugin/plugin.dart:556:18)
[WrapWithProviderScope] 2024-10-01T20:39:27.263996 <asynchronous suspension>
[WrapWithProviderScope] 2024-10-01T20:39:27.263996 #131    ServerPlugin._onRequest (package:analyzer_plugin/plugin/plugin.dart:599:18)
[WrapWithProviderScope] 2024-10-01T20:39:27.263996 <asynchronous suspension>
[WrapWithProviderScope] 2024-10-01T20:39:27.263996
The Dart VM service is listening on http://127.0.0.1:63713/ECQuhzlFXiE=/
The Dart DevTools debugger and profiler is available at: http://127.0.0.1:63713/ECQuhzlFXiE=/devtools?uri=ws://127.0.0.1:63713/ECQuhzlFXiE=/ws
The Dart VM service is listening on http://127.0.0.1:64404/iW9s8wUA-s0=/
The Dart DevTools debugger and profiler is available at: http://127.0.0.1:64404/iW9s8wUA-s0=/devtools?uri=ws://127.0.0.1:64404/iW9s8wUA-s0=/ws
The Dart VM service is listening on http://127.0.0.1:49712/VTFCmPW39zA=/
The Dart DevTools debugger and profiler is available at: http://127.0.0.1:49712/VTFCmPW39zA=/devtools?uri=ws://127.0.0.1:49712/VTFCmPW39zA=/ws
